<?xml version="1.0" encoding="UTF-8"?>
<!-- Generated by org.testng.reporters.JUnitXMLReporter -->
<testsuite hostname="Femila-PC" ignored="0" name="My hub spot test chrome" tests="3" failures="0" timestamp="04 Aug 2019 19:56:06 GMT" time="8.206" errors="0">
  <testcase name="@BeforeMethod setUP" time="7.251" classname="com.MyTest.BaseTest">
    <failure type="org.openqa.selenium.SessionNotCreatedException" message="session not created
from disconnected: Unable to receive message from renderer
  (Session info: chrome=75.0.3770.142)
Build info: version: &amp;apos;3.141.59&amp;apos;, revision: &amp;apos;e82be7d358&amp;apos;, time: &amp;apos;2018-11-14T08:17:03&amp;apos;
System info: host: &amp;apos;FEMILA-PC&amp;apos;, ip: &amp;apos;169.254.118.163&amp;apos;, os.name: &amp;apos;Windows 7&amp;apos;, os.arch: &amp;apos;amd64&amp;apos;, os.version: &amp;apos;6.1&amp;apos;, java.version: &amp;apos;1.8.0_191&amp;apos;
Driver info: driver.version: ChromeDriver
remote stacktrace: Backtrace:
	Ordinal0 [0x01397DF3+1474035]
	Ordinal0 [0x013107D1+919505]
	Ordinal0 [0x012ACB43+510787]
	Ordinal0 [0x012A3C9E+474270]
	Ordinal0 [0x012A3241+471617]
	Ordinal0 [0x012A2DD9+470489]
	Ordinal0 [0x012A2D95+470421]
	Ordinal0 [0x012AB526+505126]
	Ordinal0 [0x012A2D52+470354]
	Ordinal0 [0x012A389F+473247]
	Ordinal0 [0x012A3241+471617]
	Ordinal0 [0x012A2DD9+470489]
	Ordinal0 [0x012A2D95+470421]
	Ordinal0 [0x012A9A31+498225]
	Ordinal0 [0x012A2D52+470354]
	Ordinal0 [0x012A389F+473247]
	Ordinal0 [0x012A3241+471617]
	Ordinal0 [0x012A2DD9+470489]
	Ordinal0 [0x012A2D95+470421]
	Ordinal0 [0x012A7F30+491312]
	Ordinal0 [0x012A2D52+470354]
	Ordinal0 [0x012A389F+473247]
	Ordinal0 [0x012A3241+471617]
	Ordinal0 [0x012A2DD9+470489]
	Ordinal0 [0x012A2D95+470421]
	Ordinal0 [0x012A714F+487759]
	Ordinal0 [0x012A2D52+470354]
	Ordinal0 [0x012A389F+473247]
	Ordinal0 [0x012A3241+471617]
	Ordinal0 [0x012A2DD9+470489]
	Ordinal0 [0x012A2D95+470421]
	Ordinal0 [0x0129F854+456788]
	Ordinal0 [0x012A2D52+470354]
	Ordinal0 [0x012A2BEE+469998]
	Ordinal0 [0x012AD7F0+514032]
	Ordinal0 [0x012615EA+202218]
	Ordinal0 [0x0126069D+198301]
	Ordinal0 [0x0125EECB+192203]
	Ordinal0 [0x01245FF6+90102]
	Ordinal0 [0x0124765A+95834]
	Ordinal0 [0x01247554+95572]
	GetHandleVerifier [0x014F231C+1249612]
	GetHandleVerifier [0x01441575+525221]
	GetHandleVerifier [0x01441310+524608]
	Ordinal0 [0x013A5D28+1531176]
	GetHandleVerifier [0x01441D4A+527226]
	Ordinal0 [0x013275F6+1013238]
	Ordinal0 [0x0132746F+1012847]
	Ordinal0 [0x0133365B+1062491]
	Ordinal0 [0x0133379F+1062815]
	Ordinal0 [0x01332745+1058629]
	BaseThreadInitThunk [0x769C343D+18]
	RtlInitializeExceptionChain [0x77BC9832+99]
	RtlInitializeExceptionChain [0x77BC9805+54]
">
      <![CDATA[org.openqa.selenium.SessionNotCreatedException: session not created
from disconnected: Unable to receive message from renderer
  (Session info: chrome=75.0.3770.142)
Build info: version: '3.141.59', revision: 'e82be7d358', time: '2018-11-14T08:17:03'
System info: host: 'FEMILA-PC', ip: '169.254.118.163', os.name: 'Windows 7', os.arch: 'amd64', os.version: '6.1', java.version: '1.8.0_191'
Driver info: driver.version: ChromeDriver
remote stacktrace: Backtrace:
Ordinal0 [0x01397DF3+1474035]
Ordinal0 [0x013107D1+919505]
Ordinal0 [0x012ACB43+510787]
Ordinal0 [0x012A3C9E+474270]
Ordinal0 [0x012A3241+471617]
Ordinal0 [0x012A2DD9+470489]
Ordinal0 [0x012A2D95+470421]
Ordinal0 [0x012AB526+505126]
Ordinal0 [0x012A2D52+470354]
Ordinal0 [0x012A389F+473247]
Ordinal0 [0x012A3241+471617]
Ordinal0 [0x012A2DD9+470489]
Ordinal0 [0x012A2D95+470421]
Ordinal0 [0x012A9A31+498225]
Ordinal0 [0x012A2D52+470354]
Ordinal0 [0x012A389F+473247]
Ordinal0 [0x012A3241+471617]
Ordinal0 [0x012A2DD9+470489]
Ordinal0 [0x012A2D95+470421]
Ordinal0 [0x012A7F30+491312]
Ordinal0 [0x012A2D52+470354]
Ordinal0 [0x012A389F+473247]
Ordinal0 [0x012A3241+471617]
Ordinal0 [0x012A2DD9+470489]
Ordinal0 [0x012A2D95+470421]
Ordinal0 [0x012A714F+487759]
Ordinal0 [0x012A2D52+470354]
Ordinal0 [0x012A389F+473247]
Ordinal0 [0x012A3241+471617]
Ordinal0 [0x012A2DD9+470489]
Ordinal0 [0x012A2D95+470421]
Ordinal0 [0x0129F854+456788]
Ordinal0 [0x012A2D52+470354]
Ordinal0 [0x012A2BEE+469998]
Ordinal0 [0x012AD7F0+514032]
Ordinal0 [0x012615EA+202218]
Ordinal0 [0x0126069D+198301]
Ordinal0 [0x0125EECB+192203]
Ordinal0 [0x01245FF6+90102]
Ordinal0 [0x0124765A+95834]
Ordinal0 [0x01247554+95572]
GetHandleVerifier [0x014F231C+1249612]
GetHandleVerifier [0x01441575+525221]
GetHandleVerifier [0x01441310+524608]
Ordinal0 [0x013A5D28+1531176]
GetHandleVerifier [0x01441D4A+527226]
Ordinal0 [0x013275F6+1013238]
Ordinal0 [0x0132746F+1012847]
Ordinal0 [0x0133365B+1062491]
Ordinal0 [0x0133379F+1062815]
Ordinal0 [0x01332745+1058629]
BaseThreadInitThunk [0x769C343D+18]
RtlInitializeExceptionChain [0x77BC9832+99]
RtlInitializeExceptionChain [0x77BC9805+54]

at sun.reflect.NativeConstructorAccessorImpl.newInstance0(Native Method)
at sun.reflect.NativeConstructorAccessorImpl.newInstance(Unknown Source)
at sun.reflect.DelegatingConstructorAccessorImpl.newInstance(Unknown Source)
at java.lang.reflect.Constructor.newInstance(Unknown Source)
at org.openqa.selenium.remote.W3CHandshakeResponse.lambda$errorHandler$0(W3CHandshakeResponse.java:62)
at org.openqa.selenium.remote.HandshakeResponse.lambda$getResponseFunction$0(HandshakeResponse.java:30)
at org.openqa.selenium.remote.ProtocolHandshake.lambda$createSession$0(ProtocolHandshake.java:126)
at java.util.stream.ReferencePipeline$3$1.accept(Unknown Source)
at java.util.Spliterators$ArraySpliterator.tryAdvance(Unknown Source)
at java.util.stream.ReferencePipeline.forEachWithCancel(Unknown Source)
at java.util.stream.AbstractPipeline.copyIntoWithCancel(Unknown Source)
at java.util.stream.AbstractPipeline.copyInto(Unknown Source)
at java.util.stream.AbstractPipeline.wrapAndCopyInto(Unknown Source)
at java.util.stream.FindOps$FindOp.evaluateSequential(Unknown Source)
at java.util.stream.AbstractPipeline.evaluate(Unknown Source)
at java.util.stream.ReferencePipeline.findFirst(Unknown Source)
at org.openqa.selenium.remote.ProtocolHandshake.createSession(ProtocolHandshake.java:128)
at org.openqa.selenium.remote.ProtocolHandshake.createSession(ProtocolHandshake.java:74)
at org.openqa.selenium.remote.HttpCommandExecutor.execute(HttpCommandExecutor.java:136)
at org.openqa.selenium.remote.service.DriverCommandExecutor.execute(DriverCommandExecutor.java:83)
at org.openqa.selenium.remote.RemoteWebDriver.execute(RemoteWebDriver.java:552)
at org.openqa.selenium.remote.RemoteWebDriver.startSession(RemoteWebDriver.java:213)
at org.openqa.selenium.remote.RemoteWebDriver.<init>(RemoteWebDriver.java:131)
at org.openqa.selenium.chrome.ChromeDriver.<init>(ChromeDriver.java:181)
at org.openqa.selenium.chrome.ChromeDriver.<init>(ChromeDriver.java:168)
at org.openqa.selenium.chrome.ChromeDriver.<init>(ChromeDriver.java:123)
at com.MyTest.BaseTest.setUP(BaseTest.java:27)
at sun.reflect.NativeMethodAccessorImpl.invoke0(Native Method)
at sun.reflect.NativeMethodAccessorImpl.invoke(Unknown Source)
at sun.reflect.DelegatingMethodAccessorImpl.invoke(Unknown Source)
at java.lang.reflect.Method.invoke(Unknown Source)
at org.testng.internal.MethodInvocationHelper.invokeMethod(MethodInvocationHelper.java:124)
at org.testng.internal.MethodInvocationHelper.invokeMethodConsideringTimeout(MethodInvocationHelper.java:59)
at org.testng.internal.Invoker.invokeConfigurationMethod(Invoker.java:458)
at org.testng.internal.Invoker.invokeConfigurations(Invoker.java:222)
at org.testng.internal.Invoker.invokeMethod(Invoker.java:523)
at org.testng.internal.Invoker.invokeTestMethod(Invoker.java:719)
at org.testng.internal.Invoker.invokeTestMethods(Invoker.java:989)
at org.testng.internal.TestMethodWorker.invokeTestMethods(TestMethodWorker.java:125)
at org.testng.internal.TestMethodWorker.run(TestMethodWorker.java:109)
at java.util.concurrent.ThreadPoolExecutor.runWorker(Unknown Source)
at java.util.concurrent.ThreadPoolExecutor$Worker.run(Unknown Source)
at java.lang.Thread.run(Unknown Source)
]]>
    </failure>
  </testcase> <!-- @BeforeMethod setUP -->
  <testcase name="@AfterMethod teardown" time="0.0" classname="com.MyTest.BaseTest">
    <skipped/>
  </testcase> <!-- @AfterMethod teardown -->
  <testcase name="@BeforeMethod setUP" time="0.0" classname="com.MyTest.BaseTest">
    <skipped/>
  </testcase> <!-- @BeforeMethod setUP -->
  <testcase name="@AfterMethod teardown" time="0.0" classname="com.MyTest.BaseTest">
    <skipped/>
  </testcase> <!-- @AfterMethod teardown -->
  <testcase name="@BeforeMethod setUP" time="0.0" classname="com.MyTest.BaseTest">
    <skipped/>
  </testcase> <!-- @BeforeMethod setUP -->
  <testcase name="@AfterMethod teardown" time="0.0" classname="com.MyTest.BaseTest">
    <skipped/>
  </testcase> <!-- @AfterMethod teardown -->
  <testcase name="verifyLoginPageTitleTest" time="0.0" classname="com.MyTest.LoginTest">
    <skipped/>
  </testcase> <!-- verifyLoginPageTitleTest -->
  <testcase name="verifyLoginPageHeaderTest" time="0.0" classname="com.MyTest.LoginTest">
    <skipped/>
  </testcase> <!-- verifyLoginPageHeaderTest -->
  <testcase name="doLoginTest" time="0.0" classname="com.MyTest.LoginTest">
    <skipped/>
  </testcase> <!-- doLoginTest -->
</testsuite> <!-- My hub spot test chrome -->
