<html>
<head>
<title>TestNG:  My hub spot test chrome</title>
<link href="../testng.css" rel="stylesheet" type="text/css" />
<link href="../my-testng.css" rel="stylesheet" type="text/css" />

<style type="text/css">
.log { display: none;} 
.stack-trace { display: none;} 
</style>
<script type="text/javascript">
<!--
function flip(e) {
  current = e.style.display;
  if (current == 'block') {
    e.style.display = 'none';
    return 0;
  }
  else {
    e.style.display = 'block';
    return 1;
  }
}

function toggleBox(szDivId, elem, msg1, msg2)
{
  var res = -1;  if (document.getElementById) {
    res = flip(document.getElementById(szDivId));
  }
  else if (document.all) {
    // this is the way old msie versions work
    res = flip(document.all[szDivId]);
  }
  if(elem) {
    if(res == 0) elem.innerHTML = msg1; else elem.innerHTML = msg2;
  }

}

function toggleAllBoxes() {
  if (document.getElementsByTagName) {
    d = document.getElementsByTagName('div');
    for (i = 0; i < d.length; i++) {
      if (d[i].className == 'log') {
        flip(d[i]);
      }
    }
  }
}

// -->
</script>

</head>
<body>
<h2 align='center'>My hub spot test chrome</h2><table border='1' align="center">
<tr>
<td>Tests passed/Failed/Skipped:</td><td>0/0/3</td>
</tr><tr>
<td>Started on:</td><td>Mon Aug 05 01:25:57 IST 2019</td>
</tr>
<tr><td>Total time:</td><td>8 seconds (8206 ms)</td>
</tr><tr>
<td>Included groups:</td><td></td>
</tr><tr>
<td>Excluded groups:</td><td></td>
</tr>
</table><p/>
<small><i>(Hover the method name to see the test class name)</i></small><p/>
<table width='100%' border='1' class='invocation-failed'>
<tr><td colspan='4' align='center'><b>FAILED CONFIGURATIONS</b></td></tr>
<tr><td><b>Test method</b></td>
<td width="30%"><b>Exception</b></td>
<td width="10%"><b>Time (seconds)</b></td>
<td><b>Instance</b></td>
</tr>
<tr>
<td title='com.MyTest.LoginTest.setUP()'><b>setUP</b><br>Test class: com.MyTest.LoginTest<br>Parameters: chrome</td>
<td><div><pre>org.openqa.selenium.SessionNotCreatedException: session not created
from disconnected: Unable to receive message from renderer
  (Session info: chrome=75.0.3770.142)
Build info: version: &apos;3.141.59&apos;, revision: &apos;e82be7d358&apos;, time: &apos;2018-11-14T08:17:03&apos;
System info: host: &apos;FEMILA-PC&apos;, ip: &apos;169.254.118.163&apos;, os.name: &apos;Windows 7&apos;, os.arch: &apos;amd64&apos;, os.version: &apos;6.1&apos;, java.version: &apos;1.8.0_191&apos;
Driver info: driver.version: ChromeDriver
remote stacktrace: Backtrace:
	Ordinal0 [0x01397DF3+1474035]
	Ordinal0 [0x013107D1+919505]
	Ordinal0 [0x012ACB43+510787]
	Ordinal0 [0x012A3C9E+474270]
	Ordinal0 [0x012A3241+471617]
	Ordinal0 [0x012A2DD9+470489]
	Ordinal0 [0x012A2D95+470421]
	Ordinal0 [0x012AB526+505126]
	Ordinal0 [0x012A2D52+470354]
	Ordinal0 [0x012A389F+473247]
	Ordinal0 [0x012A3241+471617]
	Ordinal0 [0x012A2DD9+470489]
	Ordinal0 [0x012A2D95+470421]
	Ordinal0 [0x012A9A31+498225]
	Ordinal0 [0x012A2D52+470354]
	Ordinal0 [0x012A389F+473247]
	Ordinal0 [0x012A3241+471617]
	Ordinal0 [0x012A2DD9+470489]
	Ordinal0 [0x012A2D95+470421]
	Ordinal0 [0x012A7F30+491312]
	Ordinal0 [0x012A2D52+470354]
	Ordinal0 [0x012A389F+473247]
	Ordinal0 [0x012A3241+471617]
	Ordinal0 [0x012A2DD9+470489]
	Ordinal0 [0x012A2D95+470421]
	Ordinal0 [0x012A714F+487759]
	Ordinal0 [0x012A2D52+470354]
	Ordinal0 [0x012A389F+473247]
	Ordinal0 [0x012A3241+471617]
	Ordinal0 [0x012A2DD9+470489]
	Ordinal0 [0x012A2D95+470421]
	Ordinal0 [0x0129F854+456788]
	Ordinal0 [0x012A2D52+470354]
	Ordinal0 [0x012A2BEE+469998]
	Ordinal0 [0x012AD7F0+514032]
	Ordinal0 [0x012615EA+202218]
	Ordinal0 [0x0126069D+198301]
	Ordinal0 [0x0125EECB+192203]
	Ordinal0 [0x01245FF6+90102]
	Ordinal0 [0x0124765A+95834]
	Ordinal0 [0x01247554+95572]
	GetHandleVerifier [0x014F231C+1249612]
	GetHandleVerifier [0x01441575+525221]
	GetHandleVerifier [0x01441310+524608]
	Ordinal0 [0x013A5D28+1531176]
	GetHandleVerifier [0x01441D4A+527226]
	Ordinal0 [0x013275F6+1013238]
	Ordinal0 [0x0132746F+1012847]
	Ordinal0 [0x0133365B+1062491]
	Ordinal0 [0x0133379F+1062815]
	Ordinal0 [0x01332745+1058629]
	BaseThreadInitThunk [0x769C343D+18]
	RtlInitializeExceptionChain [0x77BC9832+99]
	RtlInitializeExceptionChain [0x77BC9805+54]

	at sun.reflect.NativeConstructorAccessorImpl.newInstance0(Native Method)
	at sun.reflect.NativeConstructorAccessorImpl.newInstance(Unknown Source)
	at sun.reflect.DelegatingConstructorAccessorImpl.newInstance(Unknown Source)
	at java.lang.reflect.Constructor.newInstance(Unknown Source)
	at org.openqa.selenium.remote.W3CHandshakeResponse.lambda$errorHandler$0(W3CHandshakeResponse.java:62)
	at org.openqa.selenium.remote.HandshakeResponse.lambda$getResponseFunction$0(HandshakeResponse.java:30)
	at org.openqa.selenium.remote.ProtocolHandshake.lambda$createSession$0(ProtocolHandshake.java:126)
	at java.util.stream.ReferencePipeline$3$1.accept(Unknown Source)
	at java.util.Spliterators$ArraySpliterator.tryAdvance(Unknown Source)
	at java.util.stream.ReferencePipeline.forEachWithCancel(Unknown Source)
	at java.util.stream.AbstractPipeline.copyIntoWithCancel(Unknown Source)
	at java.util.stream.AbstractPipeline.copyInto(Unknown Source)
	at java.util.stream.AbstractPipeline.wrapAndCopyInto(Unknown Source)
	at java.util.stream.FindOps$FindOp.evaluateSequential(Unknown Source)
	at java.util.stream.AbstractPipeline.evaluate(Unknown Source)
	at java.util.stream.ReferencePipeline.findFirst(Unknown Source)
	at org.openqa.selenium.remote.ProtocolHandshake.createSession(ProtocolHandshake.java:128)
	at org.openqa.selenium.remote.ProtocolHandshake.createSession(ProtocolHandshake.java:74)
	at org.openqa.selenium.remote.HttpCommandExecutor.execute(HttpCommandExecutor.java:136)
	at org.openqa.selenium.remote.service.DriverCommandExecutor.execute(DriverCommandExecutor.java:83)
	at org.openqa.selenium.remote.RemoteWebDriver.execute(RemoteWebDriver.java:552)
	at org.openqa.selenium.remote.RemoteWebDriver.startSession(RemoteWebDriver.java:213)
	at org.openqa.selenium.remote.RemoteWebDriver.&lt;init&gt;(RemoteWebDriver.java:131)
	at org.openqa.selenium.chrome.ChromeDriver.&lt;init&gt;(ChromeDriver.java:181)
	at org.openqa.selenium.chrome.ChromeDriver.&lt;init&gt;(ChromeDriver.java:168)
	at org.openqa.selenium.chrome.ChromeDriver.&lt;init&gt;(ChromeDriver.java:123)
	at com.MyTest.BaseTest.setUP(BaseTest.java:27)
	at sun.reflect.NativeMethodAccessorImpl.invoke0(Native Method)
	at sun.reflect.NativeMethodAccessorImpl.invoke(Unknown Source)
	at sun.reflect.DelegatingMethodAccessorImpl.invoke(Unknown Source)
	at java.lang.reflect.Method.invoke(Unknown Source)
	at org.testng.internal.MethodInvocationHelper.invokeMethod(MethodInvocationHelper.java:124)
	at org.testng.internal.MethodInvocationHelper.invokeMethodConsideringTimeout(MethodInvocationHelper.java:59)
	at org.testng.internal.Invoker.invokeConfigurationMethod(Invoker.java:458)
	at org.testng.internal.Invoker.invokeConfigurations(Invoker.java:222)
	at org.testng.internal.Invoker.invokeMethod(Invoker.java:523)
	at org.testng.internal.Invoker.invokeTestMethod(Invoker.java:719)
	at org.testng.internal.Invoker.invokeTestMethods(Invoker.java:989)
	at org.testng.internal.TestMethodWorker.invokeTestMethods(TestMethodWorker.java:125)
	at org.testng.internal.TestMethodWorker.run(TestMethodWorker.java:109)
	at java.util.concurrent.ThreadPoolExecutor.runWorker(Unknown Source)
	at java.util.concurrent.ThreadPoolExecutor$Worker.run(Unknown Source)
	at java.lang.Thread.run(Unknown Source)
</pre></div><a href='#' onClick='toggleBox("stack-trace909725007", this, "Click to show all stack frames", "Click to hide stack frames")'>Click to show all stack frames</a>
<div class='stack-trace' id='stack-trace909725007'><pre>org.openqa.selenium.SessionNotCreatedException: session not created
from disconnected: Unable to receive message from renderer
  (Session info: chrome=75.0.3770.142)
Build info: version: &apos;3.141.59&apos;, revision: &apos;e82be7d358&apos;, time: &apos;2018-11-14T08:17:03&apos;
System info: host: &apos;FEMILA-PC&apos;, ip: &apos;169.254.118.163&apos;, os.name: &apos;Windows 7&apos;, os.arch: &apos;amd64&apos;, os.version: &apos;6.1&apos;, java.version: &apos;1.8.0_191&apos;
Driver info: driver.version: ChromeDriver
remote stacktrace: Backtrace:
	Ordinal0 [0x01397DF3+1474035]
	Ordinal0 [0x013107D1+919505]
	Ordinal0 [0x012ACB43+510787]
	Ordinal0 [0x012A3C9E+474270]
	Ordinal0 [0x012A3241+471617]
	Ordinal0 [0x012A2DD9+470489]
	Ordinal0 [0x012A2D95+470421]
	Ordinal0 [0x012AB526+505126]
	Ordinal0 [0x012A2D52+470354]
	Ordinal0 [0x012A389F+473247]
	Ordinal0 [0x012A3241+471617]
	Ordinal0 [0x012A2DD9+470489]
	Ordinal0 [0x012A2D95+470421]
	Ordinal0 [0x012A9A31+498225]
	Ordinal0 [0x012A2D52+470354]
	Ordinal0 [0x012A389F+473247]
	Ordinal0 [0x012A3241+471617]
	Ordinal0 [0x012A2DD9+470489]
	Ordinal0 [0x012A2D95+470421]
	Ordinal0 [0x012A7F30+491312]
	Ordinal0 [0x012A2D52+470354]
	Ordinal0 [0x012A389F+473247]
	Ordinal0 [0x012A3241+471617]
	Ordinal0 [0x012A2DD9+470489]
	Ordinal0 [0x012A2D95+470421]
	Ordinal0 [0x012A714F+487759]
	Ordinal0 [0x012A2D52+470354]
	Ordinal0 [0x012A389F+473247]
	Ordinal0 [0x012A3241+471617]
	Ordinal0 [0x012A2DD9+470489]
	Ordinal0 [0x012A2D95+470421]
	Ordinal0 [0x0129F854+456788]
	Ordinal0 [0x012A2D52+470354]
	Ordinal0 [0x012A2BEE+469998]
	Ordinal0 [0x012AD7F0+514032]
	Ordinal0 [0x012615EA+202218]
	Ordinal0 [0x0126069D+198301]
	Ordinal0 [0x0125EECB+192203]
	Ordinal0 [0x01245FF6+90102]
	Ordinal0 [0x0124765A+95834]
	Ordinal0 [0x01247554+95572]
	GetHandleVerifier [0x014F231C+1249612]
	GetHandleVerifier [0x01441575+525221]
	GetHandleVerifier [0x01441310+524608]
	Ordinal0 [0x013A5D28+1531176]
	GetHandleVerifier [0x01441D4A+527226]
	Ordinal0 [0x013275F6+1013238]
	Ordinal0 [0x0132746F+1012847]
	Ordinal0 [0x0133365B+1062491]
	Ordinal0 [0x0133379F+1062815]
	Ordinal0 [0x01332745+1058629]
	BaseThreadInitThunk [0x769C343D+18]
	RtlInitializeExceptionChain [0x77BC9832+99]
	RtlInitializeExceptionChain [0x77BC9805+54]

	at sun.reflect.NativeConstructorAccessorImpl.newInstance0(Native Method)
	at sun.reflect.NativeConstructorAccessorImpl.newInstance(Unknown Source)
	at sun.reflect.DelegatingConstructorAccessorImpl.newInstance(Unknown Source)
	at java.lang.reflect.Constructor.newInstance(Unknown Source)
	at org.openqa.selenium.remote.W3CHandshakeResponse.lambda$errorHandler$0(W3CHandshakeResponse.java:62)
	at org.openqa.selenium.remote.HandshakeResponse.lambda$getResponseFunction$0(HandshakeResponse.java:30)
	at org.openqa.selenium.remote.ProtocolHandshake.lambda$createSession$0(ProtocolHandshake.java:126)
	at java.util.stream.ReferencePipeline$3$1.accept(Unknown Source)
	at java.util.Spliterators$ArraySpliterator.tryAdvance(Unknown Source)
	at java.util.stream.ReferencePipeline.forEachWithCancel(Unknown Source)
	at java.util.stream.AbstractPipeline.copyIntoWithCancel(Unknown Source)
	at java.util.stream.AbstractPipeline.copyInto(Unknown Source)
	at java.util.stream.AbstractPipeline.wrapAndCopyInto(Unknown Source)
	at java.util.stream.FindOps$FindOp.evaluateSequential(Unknown Source)
	at java.util.stream.AbstractPipeline.evaluate(Unknown Source)
	at java.util.stream.ReferencePipeline.findFirst(Unknown Source)
	at org.openqa.selenium.remote.ProtocolHandshake.createSession(ProtocolHandshake.java:128)
	at org.openqa.selenium.remote.ProtocolHandshake.createSession(ProtocolHandshake.java:74)
	at org.openqa.selenium.remote.HttpCommandExecutor.execute(HttpCommandExecutor.java:136)
	at org.openqa.selenium.remote.service.DriverCommandExecutor.execute(DriverCommandExecutor.java:83)
	at org.openqa.selenium.remote.RemoteWebDriver.execute(RemoteWebDriver.java:552)
	at org.openqa.selenium.remote.RemoteWebDriver.startSession(RemoteWebDriver.java:213)
	at org.openqa.selenium.remote.RemoteWebDriver.&lt;init&gt;(RemoteWebDriver.java:131)
	at org.openqa.selenium.chrome.ChromeDriver.&lt;init&gt;(ChromeDriver.java:181)
	at org.openqa.selenium.chrome.ChromeDriver.&lt;init&gt;(ChromeDriver.java:168)
	at org.openqa.selenium.chrome.ChromeDriver.&lt;init&gt;(ChromeDriver.java:123)
	at com.MyTest.BaseTest.setUP(BaseTest.java:27)
	at sun.reflect.NativeMethodAccessorImpl.invoke0(Native Method)
	at sun.reflect.NativeMethodAccessorImpl.invoke(Unknown Source)
	at sun.reflect.DelegatingMethodAccessorImpl.invoke(Unknown Source)
	at java.lang.reflect.Method.invoke(Unknown Source)
	at org.testng.internal.MethodInvocationHelper.invokeMethod(MethodInvocationHelper.java:124)
	at org.testng.internal.MethodInvocationHelper.invokeMethodConsideringTimeout(MethodInvocationHelper.java:59)
	at org.testng.internal.Invoker.invokeConfigurationMethod(Invoker.java:458)
	at org.testng.internal.Invoker.invokeConfigurations(Invoker.java:222)
	at org.testng.internal.Invoker.invokeMethod(Invoker.java:523)
	at org.testng.internal.Invoker.invokeTestMethod(Invoker.java:719)
	at org.testng.internal.Invoker.invokeTestMethods(Invoker.java:989)
	at org.testng.internal.TestMethodWorker.invokeTestMethods(TestMethodWorker.java:125)
	at org.testng.internal.TestMethodWorker.run(TestMethodWorker.java:109)
	at java.util.concurrent.ThreadPoolExecutor.runWorker(Unknown Source)
	at java.util.concurrent.ThreadPoolExecutor$Worker.run(Unknown Source)
	at java.lang.Thread.run(Unknown Source)
</pre></div></td>
<td>7</td>
<td>com.MyTest.LoginTest@14f232c4</td></tr>
</table><p>
<table width='100%' border='1' class='invocation-skipped'>
<tr><td colspan='4' align='center'><b>SKIPPED CONFIGURATIONS</b></td></tr>
<tr><td><b>Test method</b></td>
<td width="30%"><b>Exception</b></td>
<td width="10%"><b>Time (seconds)</b></td>
<td><b>Instance</b></td>
</tr>
<tr>
<td title='com.MyTest.LoginTest.setUP()'><b>setUP</b><br>Test class: com.MyTest.LoginTest</td>
<td></td>
<td>0</td>
<td>com.MyTest.LoginTest@14f232c4</td></tr>
<tr>
<td title='com.MyTest.LoginTest.setUP()'><b>setUP</b><br>Test class: com.MyTest.LoginTest</td>
<td></td>
<td>0</td>
<td>com.MyTest.LoginTest@14f232c4</td></tr>
<tr>
<td title='com.MyTest.LoginTest.teardown()'><b>teardown</b><br>Test class: com.MyTest.LoginTest</td>
<td></td>
<td>0</td>
<td>com.MyTest.LoginTest@14f232c4</td></tr>
<tr>
<td title='com.MyTest.LoginTest.teardown()'><b>teardown</b><br>Test class: com.MyTest.LoginTest</td>
<td></td>
<td>0</td>
<td>com.MyTest.LoginTest@14f232c4</td></tr>
<tr>
<td title='com.MyTest.LoginTest.teardown()'><b>teardown</b><br>Test class: com.MyTest.LoginTest</td>
<td></td>
<td>0</td>
<td>com.MyTest.LoginTest@14f232c4</td></tr>
</table><p>
<table width='100%' border='1' class='invocation-skipped'>
<tr><td colspan='4' align='center'><b>SKIPPED TESTS</b></td></tr>
<tr><td><b>Test method</b></td>
<td width="30%"><b>Exception</b></td>
<td width="10%"><b>Time (seconds)</b></td>
<td><b>Instance</b></td>
</tr>
<tr>
<td title='com.MyTest.LoginTest.doLoginTest()'><b>doLoginTest</b><br>Test class: com.MyTest.LoginTest</td>
<td><div><pre>org.openqa.selenium.SessionNotCreatedException: session not created
from disconnected: Unable to receive message from renderer
  (Session info: chrome=75.0.3770.142)
Build info: version: &apos;3.141.59&apos;, revision: &apos;e82be7d358&apos;, time: &apos;2018-11-14T08:17:03&apos;
System info: host: &apos;FEMILA-PC&apos;, ip: &apos;169.254.118.163&apos;, os.name: &apos;Windows 7&apos;, os.arch: &apos;amd64&apos;, os.version: &apos;6.1&apos;, java.version: &apos;1.8.0_191&apos;
Driver info: driver.version: ChromeDriver
remote stacktrace: Backtrace:
	Ordinal0 [0x01397DF3+1474035]
	Ordinal0 [0x013107D1+919505]
	Ordinal0 [0x012ACB43+510787]
	Ordinal0 [0x012A3C9E+474270]
	Ordinal0 [0x012A3241+471617]
	Ordinal0 [0x012A2DD9+470489]
	Ordinal0 [0x012A2D95+470421]
	Ordinal0 [0x012AB526+505126]
	Ordinal0 [0x012A2D52+470354]
	Ordinal0 [0x012A389F+473247]
	Ordinal0 [0x012A3241+471617]
	Ordinal0 [0x012A2DD9+470489]
	Ordinal0 [0x012A2D95+470421]
	Ordinal0 [0x012A9A31+498225]
	Ordinal0 [0x012A2D52+470354]
	Ordinal0 [0x012A389F+473247]
	Ordinal0 [0x012A3241+471617]
	Ordinal0 [0x012A2DD9+470489]
	Ordinal0 [0x012A2D95+470421]
	Ordinal0 [0x012A7F30+491312]
	Ordinal0 [0x012A2D52+470354]
	Ordinal0 [0x012A389F+473247]
	Ordinal0 [0x012A3241+471617]
	Ordinal0 [0x012A2DD9+470489]
	Ordinal0 [0x012A2D95+470421]
	Ordinal0 [0x012A714F+487759]
	Ordinal0 [0x012A2D52+470354]
	Ordinal0 [0x012A389F+473247]
	Ordinal0 [0x012A3241+471617]
	Ordinal0 [0x012A2DD9+470489]
	Ordinal0 [0x012A2D95+470421]
	Ordinal0 [0x0129F854+456788]
	Ordinal0 [0x012A2D52+470354]
	Ordinal0 [0x012A2BEE+469998]
	Ordinal0 [0x012AD7F0+514032]
	Ordinal0 [0x012615EA+202218]
	Ordinal0 [0x0126069D+198301]
	Ordinal0 [0x0125EECB+192203]
	Ordinal0 [0x01245FF6+90102]
	Ordinal0 [0x0124765A+95834]
	Ordinal0 [0x01247554+95572]
	GetHandleVerifier [0x014F231C+1249612]
	GetHandleVerifier [0x01441575+525221]
	GetHandleVerifier [0x01441310+524608]
	Ordinal0 [0x013A5D28+1531176]
	GetHandleVerifier [0x01441D4A+527226]
	Ordinal0 [0x013275F6+1013238]
	Ordinal0 [0x0132746F+1012847]
	Ordinal0 [0x0133365B+1062491]
	Ordinal0 [0x0133379F+1062815]
	Ordinal0 [0x01332745+1058629]
	BaseThreadInitThunk [0x769C343D+18]
	RtlInitializeExceptionChain [0x77BC9832+99]
	RtlInitializeExceptionChain [0x77BC9805+54]

	at sun.reflect.NativeConstructorAccessorImpl.newInstance0(Native Method)
	at sun.reflect.NativeConstructorAccessorImpl.newInstance(Unknown Source)
	at sun.reflect.DelegatingConstructorAccessorImpl.newInstance(Unknown Source)
	at java.lang.reflect.Constructor.newInstance(Unknown Source)
	at org.openqa.selenium.remote.W3CHandshakeResponse.lambda$errorHandler$0(W3CHandshakeResponse.java:62)
	at org.openqa.selenium.remote.HandshakeResponse.lambda$getResponseFunction$0(HandshakeResponse.java:30)
	at org.openqa.selenium.remote.ProtocolHandshake.lambda$createSession$0(ProtocolHandshake.java:126)
	at java.util.stream.ReferencePipeline$3$1.accept(Unknown Source)
	at java.util.Spliterators$ArraySpliterator.tryAdvance(Unknown Source)
	at java.util.stream.ReferencePipeline.forEachWithCancel(Unknown Source)
	at java.util.stream.AbstractPipeline.copyIntoWithCancel(Unknown Source)
	at java.util.stream.AbstractPipeline.copyInto(Unknown Source)
	at java.util.stream.AbstractPipeline.wrapAndCopyInto(Unknown Source)
	at java.util.stream.FindOps$FindOp.evaluateSequential(Unknown Source)
	at java.util.stream.AbstractPipeline.evaluate(Unknown Source)
	at java.util.stream.ReferencePipeline.findFirst(Unknown Source)
	at org.openqa.selenium.remote.ProtocolHandshake.createSession(ProtocolHandshake.java:128)
	at org.openqa.selenium.remote.ProtocolHandshake.createSession(ProtocolHandshake.java:74)
	at org.openqa.selenium.remote.HttpCommandExecutor.execute(HttpCommandExecutor.java:136)
	at org.openqa.selenium.remote.service.DriverCommandExecutor.execute(DriverCommandExecutor.java:83)
	at org.openqa.selenium.remote.RemoteWebDriver.execute(RemoteWebDriver.java:552)
	at org.openqa.selenium.remote.RemoteWebDriver.startSession(RemoteWebDriver.java:213)
	at org.openqa.selenium.remote.RemoteWebDriver.&lt;init&gt;(RemoteWebDriver.java:131)
	at org.openqa.selenium.chrome.ChromeDriver.&lt;init&gt;(ChromeDriver.java:181)
	at org.openqa.selenium.chrome.ChromeDriver.&lt;init&gt;(ChromeDriver.java:168)
	at org.openqa.selenium.chrome.ChromeDriver.&lt;init&gt;(ChromeDriver.java:123)
	at com.MyTest.BaseTest.setUP(BaseTest.java:27)
	at sun.reflect.NativeMethodAccessorImpl.invoke0(Native Method)
	at sun.reflect.NativeMethodAccessorImpl.invoke(Unknown Source)
	at sun.reflect.DelegatingMethodAccessorImpl.invoke(Unknown Source)
	at java.lang.reflect.Method.invoke(Unknown Source)
	at org.testng.internal.MethodInvocationHelper.invokeMethod(MethodInvocationHelper.java:124)
	at org.testng.internal.MethodInvocationHelper.invokeMethodConsideringTimeout(MethodInvocationHelper.java:59)
	at org.testng.internal.Invoker.invokeConfigurationMethod(Invoker.java:458)
	at org.testng.internal.Invoker.invokeConfigurations(Invoker.java:222)
	at org.testng.internal.Invoker.invokeMethod(Invoker.java:523)
	at org.testng.internal.Invoker.invokeTestMethod(Invoker.java:719)
	at org.testng.internal.Invoker.invokeTestMethods(Invoker.java:989)
	at org.testng.internal.TestMethodWorker.invokeTestMethods(TestMethodWorker.java:125)
	at org.testng.internal.TestMethodWorker.run(TestMethodWorker.java:109)
	at java.util.concurrent.ThreadPoolExecutor.runWorker(Unknown Source)
	at java.util.concurrent.ThreadPoolExecutor$Worker.run(Unknown Source)
	at java.lang.Thread.run(Unknown Source)
</pre></div><a href='#' onClick='toggleBox("stack-trace1204657879", this, "Click to show all stack frames", "Click to hide stack frames")'>Click to show all stack frames</a>
<div class='stack-trace' id='stack-trace1204657879'><pre>org.openqa.selenium.SessionNotCreatedException: session not created
from disconnected: Unable to receive message from renderer
  (Session info: chrome=75.0.3770.142)
Build info: version: &apos;3.141.59&apos;, revision: &apos;e82be7d358&apos;, time: &apos;2018-11-14T08:17:03&apos;
System info: host: &apos;FEMILA-PC&apos;, ip: &apos;169.254.118.163&apos;, os.name: &apos;Windows 7&apos;, os.arch: &apos;amd64&apos;, os.version: &apos;6.1&apos;, java.version: &apos;1.8.0_191&apos;
Driver info: driver.version: ChromeDriver
remote stacktrace: Backtrace:
	Ordinal0 [0x01397DF3+1474035]
	Ordinal0 [0x013107D1+919505]
	Ordinal0 [0x012ACB43+510787]
	Ordinal0 [0x012A3C9E+474270]
	Ordinal0 [0x012A3241+471617]
	Ordinal0 [0x012A2DD9+470489]
	Ordinal0 [0x012A2D95+470421]
	Ordinal0 [0x012AB526+505126]
	Ordinal0 [0x012A2D52+470354]
	Ordinal0 [0x012A389F+473247]
	Ordinal0 [0x012A3241+471617]
	Ordinal0 [0x012A2DD9+470489]
	Ordinal0 [0x012A2D95+470421]
	Ordinal0 [0x012A9A31+498225]
	Ordinal0 [0x012A2D52+470354]
	Ordinal0 [0x012A389F+473247]
	Ordinal0 [0x012A3241+471617]
	Ordinal0 [0x012A2DD9+470489]
	Ordinal0 [0x012A2D95+470421]
	Ordinal0 [0x012A7F30+491312]
	Ordinal0 [0x012A2D52+470354]
	Ordinal0 [0x012A389F+473247]
	Ordinal0 [0x012A3241+471617]
	Ordinal0 [0x012A2DD9+470489]
	Ordinal0 [0x012A2D95+470421]
	Ordinal0 [0x012A714F+487759]
	Ordinal0 [0x012A2D52+470354]
	Ordinal0 [0x012A389F+473247]
	Ordinal0 [0x012A3241+471617]
	Ordinal0 [0x012A2DD9+470489]
	Ordinal0 [0x012A2D95+470421]
	Ordinal0 [0x0129F854+456788]
	Ordinal0 [0x012A2D52+470354]
	Ordinal0 [0x012A2BEE+469998]
	Ordinal0 [0x012AD7F0+514032]
	Ordinal0 [0x012615EA+202218]
	Ordinal0 [0x0126069D+198301]
	Ordinal0 [0x0125EECB+192203]
	Ordinal0 [0x01245FF6+90102]
	Ordinal0 [0x0124765A+95834]
	Ordinal0 [0x01247554+95572]
	GetHandleVerifier [0x014F231C+1249612]
	GetHandleVerifier [0x01441575+525221]
	GetHandleVerifier [0x01441310+524608]
	Ordinal0 [0x013A5D28+1531176]
	GetHandleVerifier [0x01441D4A+527226]
	Ordinal0 [0x013275F6+1013238]
	Ordinal0 [0x0132746F+1012847]
	Ordinal0 [0x0133365B+1062491]
	Ordinal0 [0x0133379F+1062815]
	Ordinal0 [0x01332745+1058629]
	BaseThreadInitThunk [0x769C343D+18]
	RtlInitializeExceptionChain [0x77BC9832+99]
	RtlInitializeExceptionChain [0x77BC9805+54]

	at sun.reflect.NativeConstructorAccessorImpl.newInstance0(Native Method)
	at sun.reflect.NativeConstructorAccessorImpl.newInstance(Unknown Source)
	at sun.reflect.DelegatingConstructorAccessorImpl.newInstance(Unknown Source)
	at java.lang.reflect.Constructor.newInstance(Unknown Source)
	at org.openqa.selenium.remote.W3CHandshakeResponse.lambda$errorHandler$0(W3CHandshakeResponse.java:62)
	at org.openqa.selenium.remote.HandshakeResponse.lambda$getResponseFunction$0(HandshakeResponse.java:30)
	at org.openqa.selenium.remote.ProtocolHandshake.lambda$createSession$0(ProtocolHandshake.java:126)
	at java.util.stream.ReferencePipeline$3$1.accept(Unknown Source)
	at java.util.Spliterators$ArraySpliterator.tryAdvance(Unknown Source)
	at java.util.stream.ReferencePipeline.forEachWithCancel(Unknown Source)
	at java.util.stream.AbstractPipeline.copyIntoWithCancel(Unknown Source)
	at java.util.stream.AbstractPipeline.copyInto(Unknown Source)
	at java.util.stream.AbstractPipeline.wrapAndCopyInto(Unknown Source)
	at java.util.stream.FindOps$FindOp.evaluateSequential(Unknown Source)
	at java.util.stream.AbstractPipeline.evaluate(Unknown Source)
	at java.util.stream.ReferencePipeline.findFirst(Unknown Source)
	at org.openqa.selenium.remote.ProtocolHandshake.createSession(ProtocolHandshake.java:128)
	at org.openqa.selenium.remote.ProtocolHandshake.createSession(ProtocolHandshake.java:74)
	at org.openqa.selenium.remote.HttpCommandExecutor.execute(HttpCommandExecutor.java:136)
	at org.openqa.selenium.remote.service.DriverCommandExecutor.execute(DriverCommandExecutor.java:83)
	at org.openqa.selenium.remote.RemoteWebDriver.execute(RemoteWebDriver.java:552)
	at org.openqa.selenium.remote.RemoteWebDriver.startSession(RemoteWebDriver.java:213)
	at org.openqa.selenium.remote.RemoteWebDriver.&lt;init&gt;(RemoteWebDriver.java:131)
	at org.openqa.selenium.chrome.ChromeDriver.&lt;init&gt;(ChromeDriver.java:181)
	at org.openqa.selenium.chrome.ChromeDriver.&lt;init&gt;(ChromeDriver.java:168)
	at org.openqa.selenium.chrome.ChromeDriver.&lt;init&gt;(ChromeDriver.java:123)
	at com.MyTest.BaseTest.setUP(BaseTest.java:27)
	at sun.reflect.NativeMethodAccessorImpl.invoke0(Native Method)
	at sun.reflect.NativeMethodAccessorImpl.invoke(Unknown Source)
	at sun.reflect.DelegatingMethodAccessorImpl.invoke(Unknown Source)
	at java.lang.reflect.Method.invoke(Unknown Source)
	at org.testng.internal.MethodInvocationHelper.invokeMethod(MethodInvocationHelper.java:124)
	at org.testng.internal.MethodInvocationHelper.invokeMethodConsideringTimeout(MethodInvocationHelper.java:59)
	at org.testng.internal.Invoker.invokeConfigurationMethod(Invoker.java:458)
	at org.testng.internal.Invoker.invokeConfigurations(Invoker.java:222)
	at org.testng.internal.Invoker.invokeMethod(Invoker.java:523)
	at org.testng.internal.Invoker.invokeTestMethod(Invoker.java:719)
	at org.testng.internal.Invoker.invokeTestMethods(Invoker.java:989)
	at org.testng.internal.TestMethodWorker.invokeTestMethods(TestMethodWorker.java:125)
	at org.testng.internal.TestMethodWorker.run(TestMethodWorker.java:109)
	at java.util.concurrent.ThreadPoolExecutor.runWorker(Unknown Source)
	at java.util.concurrent.ThreadPoolExecutor$Worker.run(Unknown Source)
	at java.lang.Thread.run(Unknown Source)
</pre></div></td>
<td>0</td>
<td>com.MyTest.LoginTest@14f232c4</td></tr>
<tr>
<td title='com.MyTest.LoginTest.verifyLoginPageHeaderTest()'><b>verifyLoginPageHeaderTest</b><br>Test class: com.MyTest.LoginTest</td>
<td><div><pre>org.openqa.selenium.SessionNotCreatedException: session not created
from disconnected: Unable to receive message from renderer
  (Session info: chrome=75.0.3770.142)
Build info: version: &apos;3.141.59&apos;, revision: &apos;e82be7d358&apos;, time: &apos;2018-11-14T08:17:03&apos;
System info: host: &apos;FEMILA-PC&apos;, ip: &apos;169.254.118.163&apos;, os.name: &apos;Windows 7&apos;, os.arch: &apos;amd64&apos;, os.version: &apos;6.1&apos;, java.version: &apos;1.8.0_191&apos;
Driver info: driver.version: ChromeDriver
remote stacktrace: Backtrace:
	Ordinal0 [0x01397DF3+1474035]
	Ordinal0 [0x013107D1+919505]
	Ordinal0 [0x012ACB43+510787]
	Ordinal0 [0x012A3C9E+474270]
	Ordinal0 [0x012A3241+471617]
	Ordinal0 [0x012A2DD9+470489]
	Ordinal0 [0x012A2D95+470421]
	Ordinal0 [0x012AB526+505126]
	Ordinal0 [0x012A2D52+470354]
	Ordinal0 [0x012A389F+473247]
	Ordinal0 [0x012A3241+471617]
	Ordinal0 [0x012A2DD9+470489]
	Ordinal0 [0x012A2D95+470421]
	Ordinal0 [0x012A9A31+498225]
	Ordinal0 [0x012A2D52+470354]
	Ordinal0 [0x012A389F+473247]
	Ordinal0 [0x012A3241+471617]
	Ordinal0 [0x012A2DD9+470489]
	Ordinal0 [0x012A2D95+470421]
	Ordinal0 [0x012A7F30+491312]
	Ordinal0 [0x012A2D52+470354]
	Ordinal0 [0x012A389F+473247]
	Ordinal0 [0x012A3241+471617]
	Ordinal0 [0x012A2DD9+470489]
	Ordinal0 [0x012A2D95+470421]
	Ordinal0 [0x012A714F+487759]
	Ordinal0 [0x012A2D52+470354]
	Ordinal0 [0x012A389F+473247]
	Ordinal0 [0x012A3241+471617]
	Ordinal0 [0x012A2DD9+470489]
	Ordinal0 [0x012A2D95+470421]
	Ordinal0 [0x0129F854+456788]
	Ordinal0 [0x012A2D52+470354]
	Ordinal0 [0x012A2BEE+469998]
	Ordinal0 [0x012AD7F0+514032]
	Ordinal0 [0x012615EA+202218]
	Ordinal0 [0x0126069D+198301]
	Ordinal0 [0x0125EECB+192203]
	Ordinal0 [0x01245FF6+90102]
	Ordinal0 [0x0124765A+95834]
	Ordinal0 [0x01247554+95572]
	GetHandleVerifier [0x014F231C+1249612]
	GetHandleVerifier [0x01441575+525221]
	GetHandleVerifier [0x01441310+524608]
	Ordinal0 [0x013A5D28+1531176]
	GetHandleVerifier [0x01441D4A+527226]
	Ordinal0 [0x013275F6+1013238]
	Ordinal0 [0x0132746F+1012847]
	Ordinal0 [0x0133365B+1062491]
	Ordinal0 [0x0133379F+1062815]
	Ordinal0 [0x01332745+1058629]
	BaseThreadInitThunk [0x769C343D+18]
	RtlInitializeExceptionChain [0x77BC9832+99]
	RtlInitializeExceptionChain [0x77BC9805+54]

	at sun.reflect.NativeConstructorAccessorImpl.newInstance0(Native Method)
	at sun.reflect.NativeConstructorAccessorImpl.newInstance(Unknown Source)
	at sun.reflect.DelegatingConstructorAccessorImpl.newInstance(Unknown Source)
	at java.lang.reflect.Constructor.newInstance(Unknown Source)
	at org.openqa.selenium.remote.W3CHandshakeResponse.lambda$errorHandler$0(W3CHandshakeResponse.java:62)
	at org.openqa.selenium.remote.HandshakeResponse.lambda$getResponseFunction$0(HandshakeResponse.java:30)
	at org.openqa.selenium.remote.ProtocolHandshake.lambda$createSession$0(ProtocolHandshake.java:126)
	at java.util.stream.ReferencePipeline$3$1.accept(Unknown Source)
	at java.util.Spliterators$ArraySpliterator.tryAdvance(Unknown Source)
	at java.util.stream.ReferencePipeline.forEachWithCancel(Unknown Source)
	at java.util.stream.AbstractPipeline.copyIntoWithCancel(Unknown Source)
	at java.util.stream.AbstractPipeline.copyInto(Unknown Source)
	at java.util.stream.AbstractPipeline.wrapAndCopyInto(Unknown Source)
	at java.util.stream.FindOps$FindOp.evaluateSequential(Unknown Source)
	at java.util.stream.AbstractPipeline.evaluate(Unknown Source)
	at java.util.stream.ReferencePipeline.findFirst(Unknown Source)
	at org.openqa.selenium.remote.ProtocolHandshake.createSession(ProtocolHandshake.java:128)
	at org.openqa.selenium.remote.ProtocolHandshake.createSession(ProtocolHandshake.java:74)
	at org.openqa.selenium.remote.HttpCommandExecutor.execute(HttpCommandExecutor.java:136)
	at org.openqa.selenium.remote.service.DriverCommandExecutor.execute(DriverCommandExecutor.java:83)
	at org.openqa.selenium.remote.RemoteWebDriver.execute(RemoteWebDriver.java:552)
	at org.openqa.selenium.remote.RemoteWebDriver.startSession(RemoteWebDriver.java:213)
	at org.openqa.selenium.remote.RemoteWebDriver.&lt;init&gt;(RemoteWebDriver.java:131)
	at org.openqa.selenium.chrome.ChromeDriver.&lt;init&gt;(ChromeDriver.java:181)
	at org.openqa.selenium.chrome.ChromeDriver.&lt;init&gt;(ChromeDriver.java:168)
	at org.openqa.selenium.chrome.ChromeDriver.&lt;init&gt;(ChromeDriver.java:123)
	at com.MyTest.BaseTest.setUP(BaseTest.java:27)
	at sun.reflect.NativeMethodAccessorImpl.invoke0(Native Method)
	at sun.reflect.NativeMethodAccessorImpl.invoke(Unknown Source)
	at sun.reflect.DelegatingMethodAccessorImpl.invoke(Unknown Source)
	at java.lang.reflect.Method.invoke(Unknown Source)
	at org.testng.internal.MethodInvocationHelper.invokeMethod(MethodInvocationHelper.java:124)
	at org.testng.internal.MethodInvocationHelper.invokeMethodConsideringTimeout(MethodInvocationHelper.java:59)
	at org.testng.internal.Invoker.invokeConfigurationMethod(Invoker.java:458)
	at org.testng.internal.Invoker.invokeConfigurations(Invoker.java:222)
	at org.testng.internal.Invoker.invokeMethod(Invoker.java:523)
	at org.testng.internal.Invoker.invokeTestMethod(Invoker.java:719)
	at org.testng.internal.Invoker.invokeTestMethods(Invoker.java:989)
	at org.testng.internal.TestMethodWorker.invokeTestMethods(TestMethodWorker.java:125)
	at org.testng.internal.TestMethodWorker.run(TestMethodWorker.java:109)
	at java.util.concurrent.ThreadPoolExecutor.runWorker(Unknown Source)
	at java.util.concurrent.ThreadPoolExecutor$Worker.run(Unknown Source)
	at java.lang.Thread.run(Unknown Source)
</pre></div><a href='#' onClick='toggleBox("stack-trace139069724", this, "Click to show all stack frames", "Click to hide stack frames")'>Click to show all stack frames</a>
<div class='stack-trace' id='stack-trace139069724'><pre>org.openqa.selenium.SessionNotCreatedException: session not created
from disconnected: Unable to receive message from renderer
  (Session info: chrome=75.0.3770.142)
Build info: version: &apos;3.141.59&apos;, revision: &apos;e82be7d358&apos;, time: &apos;2018-11-14T08:17:03&apos;
System info: host: &apos;FEMILA-PC&apos;, ip: &apos;169.254.118.163&apos;, os.name: &apos;Windows 7&apos;, os.arch: &apos;amd64&apos;, os.version: &apos;6.1&apos;, java.version: &apos;1.8.0_191&apos;
Driver info: driver.version: ChromeDriver
remote stacktrace: Backtrace:
	Ordinal0 [0x01397DF3+1474035]
	Ordinal0 [0x013107D1+919505]
	Ordinal0 [0x012ACB43+510787]
	Ordinal0 [0x012A3C9E+474270]
	Ordinal0 [0x012A3241+471617]
	Ordinal0 [0x012A2DD9+470489]
	Ordinal0 [0x012A2D95+470421]
	Ordinal0 [0x012AB526+505126]
	Ordinal0 [0x012A2D52+470354]
	Ordinal0 [0x012A389F+473247]
	Ordinal0 [0x012A3241+471617]
	Ordinal0 [0x012A2DD9+470489]
	Ordinal0 [0x012A2D95+470421]
	Ordinal0 [0x012A9A31+498225]
	Ordinal0 [0x012A2D52+470354]
	Ordinal0 [0x012A389F+473247]
	Ordinal0 [0x012A3241+471617]
	Ordinal0 [0x012A2DD9+470489]
	Ordinal0 [0x012A2D95+470421]
	Ordinal0 [0x012A7F30+491312]
	Ordinal0 [0x012A2D52+470354]
	Ordinal0 [0x012A389F+473247]
	Ordinal0 [0x012A3241+471617]
	Ordinal0 [0x012A2DD9+470489]
	Ordinal0 [0x012A2D95+470421]
	Ordinal0 [0x012A714F+487759]
	Ordinal0 [0x012A2D52+470354]
	Ordinal0 [0x012A389F+473247]
	Ordinal0 [0x012A3241+471617]
	Ordinal0 [0x012A2DD9+470489]
	Ordinal0 [0x012A2D95+470421]
	Ordinal0 [0x0129F854+456788]
	Ordinal0 [0x012A2D52+470354]
	Ordinal0 [0x012A2BEE+469998]
	Ordinal0 [0x012AD7F0+514032]
	Ordinal0 [0x012615EA+202218]
	Ordinal0 [0x0126069D+198301]
	Ordinal0 [0x0125EECB+192203]
	Ordinal0 [0x01245FF6+90102]
	Ordinal0 [0x0124765A+95834]
	Ordinal0 [0x01247554+95572]
	GetHandleVerifier [0x014F231C+1249612]
	GetHandleVerifier [0x01441575+525221]
	GetHandleVerifier [0x01441310+524608]
	Ordinal0 [0x013A5D28+1531176]
	GetHandleVerifier [0x01441D4A+527226]
	Ordinal0 [0x013275F6+1013238]
	Ordinal0 [0x0132746F+1012847]
	Ordinal0 [0x0133365B+1062491]
	Ordinal0 [0x0133379F+1062815]
	Ordinal0 [0x01332745+1058629]
	BaseThreadInitThunk [0x769C343D+18]
	RtlInitializeExceptionChain [0x77BC9832+99]
	RtlInitializeExceptionChain [0x77BC9805+54]

	at sun.reflect.NativeConstructorAccessorImpl.newInstance0(Native Method)
	at sun.reflect.NativeConstructorAccessorImpl.newInstance(Unknown Source)
	at sun.reflect.DelegatingConstructorAccessorImpl.newInstance(Unknown Source)
	at java.lang.reflect.Constructor.newInstance(Unknown Source)
	at org.openqa.selenium.remote.W3CHandshakeResponse.lambda$errorHandler$0(W3CHandshakeResponse.java:62)
	at org.openqa.selenium.remote.HandshakeResponse.lambda$getResponseFunction$0(HandshakeResponse.java:30)
	at org.openqa.selenium.remote.ProtocolHandshake.lambda$createSession$0(ProtocolHandshake.java:126)
	at java.util.stream.ReferencePipeline$3$1.accept(Unknown Source)
	at java.util.Spliterators$ArraySpliterator.tryAdvance(Unknown Source)
	at java.util.stream.ReferencePipeline.forEachWithCancel(Unknown Source)
	at java.util.stream.AbstractPipeline.copyIntoWithCancel(Unknown Source)
	at java.util.stream.AbstractPipeline.copyInto(Unknown Source)
	at java.util.stream.AbstractPipeline.wrapAndCopyInto(Unknown Source)
	at java.util.stream.FindOps$FindOp.evaluateSequential(Unknown Source)
	at java.util.stream.AbstractPipeline.evaluate(Unknown Source)
	at java.util.stream.ReferencePipeline.findFirst(Unknown Source)
	at org.openqa.selenium.remote.ProtocolHandshake.createSession(ProtocolHandshake.java:128)
	at org.openqa.selenium.remote.ProtocolHandshake.createSession(ProtocolHandshake.java:74)
	at org.openqa.selenium.remote.HttpCommandExecutor.execute(HttpCommandExecutor.java:136)
	at org.openqa.selenium.remote.service.DriverCommandExecutor.execute(DriverCommandExecutor.java:83)
	at org.openqa.selenium.remote.RemoteWebDriver.execute(RemoteWebDriver.java:552)
	at org.openqa.selenium.remote.RemoteWebDriver.startSession(RemoteWebDriver.java:213)
	at org.openqa.selenium.remote.RemoteWebDriver.&lt;init&gt;(RemoteWebDriver.java:131)
	at org.openqa.selenium.chrome.ChromeDriver.&lt;init&gt;(ChromeDriver.java:181)
	at org.openqa.selenium.chrome.ChromeDriver.&lt;init&gt;(ChromeDriver.java:168)
	at org.openqa.selenium.chrome.ChromeDriver.&lt;init&gt;(ChromeDriver.java:123)
	at com.MyTest.BaseTest.setUP(BaseTest.java:27)
	at sun.reflect.NativeMethodAccessorImpl.invoke0(Native Method)
	at sun.reflect.NativeMethodAccessorImpl.invoke(Unknown Source)
	at sun.reflect.DelegatingMethodAccessorImpl.invoke(Unknown Source)
	at java.lang.reflect.Method.invoke(Unknown Source)
	at org.testng.internal.MethodInvocationHelper.invokeMethod(MethodInvocationHelper.java:124)
	at org.testng.internal.MethodInvocationHelper.invokeMethodConsideringTimeout(MethodInvocationHelper.java:59)
	at org.testng.internal.Invoker.invokeConfigurationMethod(Invoker.java:458)
	at org.testng.internal.Invoker.invokeConfigurations(Invoker.java:222)
	at org.testng.internal.Invoker.invokeMethod(Invoker.java:523)
	at org.testng.internal.Invoker.invokeTestMethod(Invoker.java:719)
	at org.testng.internal.Invoker.invokeTestMethods(Invoker.java:989)
	at org.testng.internal.TestMethodWorker.invokeTestMethods(TestMethodWorker.java:125)
	at org.testng.internal.TestMethodWorker.run(TestMethodWorker.java:109)
	at java.util.concurrent.ThreadPoolExecutor.runWorker(Unknown Source)
	at java.util.concurrent.ThreadPoolExecutor$Worker.run(Unknown Source)
	at java.lang.Thread.run(Unknown Source)
</pre></div></td>
<td>0</td>
<td>com.MyTest.LoginTest@14f232c4</td></tr>
<tr>
<td title='com.MyTest.LoginTest.verifyLoginPageTitleTest()'><b>verifyLoginPageTitleTest</b><br>Test class: com.MyTest.LoginTest</td>
<td><div><pre>org.openqa.selenium.SessionNotCreatedException: session not created
from disconnected: Unable to receive message from renderer
  (Session info: chrome=75.0.3770.142)
Build info: version: &apos;3.141.59&apos;, revision: &apos;e82be7d358&apos;, time: &apos;2018-11-14T08:17:03&apos;
System info: host: &apos;FEMILA-PC&apos;, ip: &apos;169.254.118.163&apos;, os.name: &apos;Windows 7&apos;, os.arch: &apos;amd64&apos;, os.version: &apos;6.1&apos;, java.version: &apos;1.8.0_191&apos;
Driver info: driver.version: ChromeDriver
remote stacktrace: Backtrace:
	Ordinal0 [0x01397DF3+1474035]
	Ordinal0 [0x013107D1+919505]
	Ordinal0 [0x012ACB43+510787]
	Ordinal0 [0x012A3C9E+474270]
	Ordinal0 [0x012A3241+471617]
	Ordinal0 [0x012A2DD9+470489]
	Ordinal0 [0x012A2D95+470421]
	Ordinal0 [0x012AB526+505126]
	Ordinal0 [0x012A2D52+470354]
	Ordinal0 [0x012A389F+473247]
	Ordinal0 [0x012A3241+471617]
	Ordinal0 [0x012A2DD9+470489]
	Ordinal0 [0x012A2D95+470421]
	Ordinal0 [0x012A9A31+498225]
	Ordinal0 [0x012A2D52+470354]
	Ordinal0 [0x012A389F+473247]
	Ordinal0 [0x012A3241+471617]
	Ordinal0 [0x012A2DD9+470489]
	Ordinal0 [0x012A2D95+470421]
	Ordinal0 [0x012A7F30+491312]
	Ordinal0 [0x012A2D52+470354]
	Ordinal0 [0x012A389F+473247]
	Ordinal0 [0x012A3241+471617]
	Ordinal0 [0x012A2DD9+470489]
	Ordinal0 [0x012A2D95+470421]
	Ordinal0 [0x012A714F+487759]
	Ordinal0 [0x012A2D52+470354]
	Ordinal0 [0x012A389F+473247]
	Ordinal0 [0x012A3241+471617]
	Ordinal0 [0x012A2DD9+470489]
	Ordinal0 [0x012A2D95+470421]
	Ordinal0 [0x0129F854+456788]
	Ordinal0 [0x012A2D52+470354]
	Ordinal0 [0x012A2BEE+469998]
	Ordinal0 [0x012AD7F0+514032]
	Ordinal0 [0x012615EA+202218]
	Ordinal0 [0x0126069D+198301]
	Ordinal0 [0x0125EECB+192203]
	Ordinal0 [0x01245FF6+90102]
	Ordinal0 [0x0124765A+95834]
	Ordinal0 [0x01247554+95572]
	GetHandleVerifier [0x014F231C+1249612]
	GetHandleVerifier [0x01441575+525221]
	GetHandleVerifier [0x01441310+524608]
	Ordinal0 [0x013A5D28+1531176]
	GetHandleVerifier [0x01441D4A+527226]
	Ordinal0 [0x013275F6+1013238]
	Ordinal0 [0x0132746F+1012847]
	Ordinal0 [0x0133365B+1062491]
	Ordinal0 [0x0133379F+1062815]
	Ordinal0 [0x01332745+1058629]
	BaseThreadInitThunk [0x769C343D+18]
	RtlInitializeExceptionChain [0x77BC9832+99]
	RtlInitializeExceptionChain [0x77BC9805+54]

	at sun.reflect.NativeConstructorAccessorImpl.newInstance0(Native Method)
	at sun.reflect.NativeConstructorAccessorImpl.newInstance(Unknown Source)
	at sun.reflect.DelegatingConstructorAccessorImpl.newInstance(Unknown Source)
	at java.lang.reflect.Constructor.newInstance(Unknown Source)
	at org.openqa.selenium.remote.W3CHandshakeResponse.lambda$errorHandler$0(W3CHandshakeResponse.java:62)
	at org.openqa.selenium.remote.HandshakeResponse.lambda$getResponseFunction$0(HandshakeResponse.java:30)
	at org.openqa.selenium.remote.ProtocolHandshake.lambda$createSession$0(ProtocolHandshake.java:126)
	at java.util.stream.ReferencePipeline$3$1.accept(Unknown Source)
	at java.util.Spliterators$ArraySpliterator.tryAdvance(Unknown Source)
	at java.util.stream.ReferencePipeline.forEachWithCancel(Unknown Source)
	at java.util.stream.AbstractPipeline.copyIntoWithCancel(Unknown Source)
	at java.util.stream.AbstractPipeline.copyInto(Unknown Source)
	at java.util.stream.AbstractPipeline.wrapAndCopyInto(Unknown Source)
	at java.util.stream.FindOps$FindOp.evaluateSequential(Unknown Source)
	at java.util.stream.AbstractPipeline.evaluate(Unknown Source)
	at java.util.stream.ReferencePipeline.findFirst(Unknown Source)
	at org.openqa.selenium.remote.ProtocolHandshake.createSession(ProtocolHandshake.java:128)
	at org.openqa.selenium.remote.ProtocolHandshake.createSession(ProtocolHandshake.java:74)
	at org.openqa.selenium.remote.HttpCommandExecutor.execute(HttpCommandExecutor.java:136)
	at org.openqa.selenium.remote.service.DriverCommandExecutor.execute(DriverCommandExecutor.java:83)
	at org.openqa.selenium.remote.RemoteWebDriver.execute(RemoteWebDriver.java:552)
	at org.openqa.selenium.remote.RemoteWebDriver.startSession(RemoteWebDriver.java:213)
	at org.openqa.selenium.remote.RemoteWebDriver.&lt;init&gt;(RemoteWebDriver.java:131)
	at org.openqa.selenium.chrome.ChromeDriver.&lt;init&gt;(ChromeDriver.java:181)
	at org.openqa.selenium.chrome.ChromeDriver.&lt;init&gt;(ChromeDriver.java:168)
	at org.openqa.selenium.chrome.ChromeDriver.&lt;init&gt;(ChromeDriver.java:123)
	at com.MyTest.BaseTest.setUP(BaseTest.java:27)
	at sun.reflect.NativeMethodAccessorImpl.invoke0(Native Method)
	at sun.reflect.NativeMethodAccessorImpl.invoke(Unknown Source)
	at sun.reflect.DelegatingMethodAccessorImpl.invoke(Unknown Source)
	at java.lang.reflect.Method.invoke(Unknown Source)
	at org.testng.internal.MethodInvocationHelper.invokeMethod(MethodInvocationHelper.java:124)
	at org.testng.internal.MethodInvocationHelper.invokeMethodConsideringTimeout(MethodInvocationHelper.java:59)
	at org.testng.internal.Invoker.invokeConfigurationMethod(Invoker.java:458)
	at org.testng.internal.Invoker.invokeConfigurations(Invoker.java:222)
	at org.testng.internal.Invoker.invokeMethod(Invoker.java:523)
	at org.testng.internal.Invoker.invokeTestMethod(Invoker.java:719)
	at org.testng.internal.Invoker.invokeTestMethods(Invoker.java:989)
	at org.testng.internal.TestMethodWorker.invokeTestMethods(TestMethodWorker.java:125)
	at org.testng.internal.TestMethodWorker.run(TestMethodWorker.java:109)
	at java.util.concurrent.ThreadPoolExecutor.runWorker(Unknown Source)
	at java.util.concurrent.ThreadPoolExecutor$Worker.run(Unknown Source)
	at java.lang.Thread.run(Unknown Source)
</pre></div><a href='#' onClick='toggleBox("stack-trace1802352928", this, "Click to show all stack frames", "Click to hide stack frames")'>Click to show all stack frames</a>
<div class='stack-trace' id='stack-trace1802352928'><pre>org.openqa.selenium.SessionNotCreatedException: session not created
from disconnected: Unable to receive message from renderer
  (Session info: chrome=75.0.3770.142)
Build info: version: &apos;3.141.59&apos;, revision: &apos;e82be7d358&apos;, time: &apos;2018-11-14T08:17:03&apos;
System info: host: &apos;FEMILA-PC&apos;, ip: &apos;169.254.118.163&apos;, os.name: &apos;Windows 7&apos;, os.arch: &apos;amd64&apos;, os.version: &apos;6.1&apos;, java.version: &apos;1.8.0_191&apos;
Driver info: driver.version: ChromeDriver
remote stacktrace: Backtrace:
	Ordinal0 [0x01397DF3+1474035]
	Ordinal0 [0x013107D1+919505]
	Ordinal0 [0x012ACB43+510787]
	Ordinal0 [0x012A3C9E+474270]
	Ordinal0 [0x012A3241+471617]
	Ordinal0 [0x012A2DD9+470489]
	Ordinal0 [0x012A2D95+470421]
	Ordinal0 [0x012AB526+505126]
	Ordinal0 [0x012A2D52+470354]
	Ordinal0 [0x012A389F+473247]
	Ordinal0 [0x012A3241+471617]
	Ordinal0 [0x012A2DD9+470489]
	Ordinal0 [0x012A2D95+470421]
	Ordinal0 [0x012A9A31+498225]
	Ordinal0 [0x012A2D52+470354]
	Ordinal0 [0x012A389F+473247]
	Ordinal0 [0x012A3241+471617]
	Ordinal0 [0x012A2DD9+470489]
	Ordinal0 [0x012A2D95+470421]
	Ordinal0 [0x012A7F30+491312]
	Ordinal0 [0x012A2D52+470354]
	Ordinal0 [0x012A389F+473247]
	Ordinal0 [0x012A3241+471617]
	Ordinal0 [0x012A2DD9+470489]
	Ordinal0 [0x012A2D95+470421]
	Ordinal0 [0x012A714F+487759]
	Ordinal0 [0x012A2D52+470354]
	Ordinal0 [0x012A389F+473247]
	Ordinal0 [0x012A3241+471617]
	Ordinal0 [0x012A2DD9+470489]
	Ordinal0 [0x012A2D95+470421]
	Ordinal0 [0x0129F854+456788]
	Ordinal0 [0x012A2D52+470354]
	Ordinal0 [0x012A2BEE+469998]
	Ordinal0 [0x012AD7F0+514032]
	Ordinal0 [0x012615EA+202218]
	Ordinal0 [0x0126069D+198301]
	Ordinal0 [0x0125EECB+192203]
	Ordinal0 [0x01245FF6+90102]
	Ordinal0 [0x0124765A+95834]
	Ordinal0 [0x01247554+95572]
	GetHandleVerifier [0x014F231C+1249612]
	GetHandleVerifier [0x01441575+525221]
	GetHandleVerifier [0x01441310+524608]
	Ordinal0 [0x013A5D28+1531176]
	GetHandleVerifier [0x01441D4A+527226]
	Ordinal0 [0x013275F6+1013238]
	Ordinal0 [0x0132746F+1012847]
	Ordinal0 [0x0133365B+1062491]
	Ordinal0 [0x0133379F+1062815]
	Ordinal0 [0x01332745+1058629]
	BaseThreadInitThunk [0x769C343D+18]
	RtlInitializeExceptionChain [0x77BC9832+99]
	RtlInitializeExceptionChain [0x77BC9805+54]

	at sun.reflect.NativeConstructorAccessorImpl.newInstance0(Native Method)
	at sun.reflect.NativeConstructorAccessorImpl.newInstance(Unknown Source)
	at sun.reflect.DelegatingConstructorAccessorImpl.newInstance(Unknown Source)
	at java.lang.reflect.Constructor.newInstance(Unknown Source)
	at org.openqa.selenium.remote.W3CHandshakeResponse.lambda$errorHandler$0(W3CHandshakeResponse.java:62)
	at org.openqa.selenium.remote.HandshakeResponse.lambda$getResponseFunction$0(HandshakeResponse.java:30)
	at org.openqa.selenium.remote.ProtocolHandshake.lambda$createSession$0(ProtocolHandshake.java:126)
	at java.util.stream.ReferencePipeline$3$1.accept(Unknown Source)
	at java.util.Spliterators$ArraySpliterator.tryAdvance(Unknown Source)
	at java.util.stream.ReferencePipeline.forEachWithCancel(Unknown Source)
	at java.util.stream.AbstractPipeline.copyIntoWithCancel(Unknown Source)
	at java.util.stream.AbstractPipeline.copyInto(Unknown Source)
	at java.util.stream.AbstractPipeline.wrapAndCopyInto(Unknown Source)
	at java.util.stream.FindOps$FindOp.evaluateSequential(Unknown Source)
	at java.util.stream.AbstractPipeline.evaluate(Unknown Source)
	at java.util.stream.ReferencePipeline.findFirst(Unknown Source)
	at org.openqa.selenium.remote.ProtocolHandshake.createSession(ProtocolHandshake.java:128)
	at org.openqa.selenium.remote.ProtocolHandshake.createSession(ProtocolHandshake.java:74)
	at org.openqa.selenium.remote.HttpCommandExecutor.execute(HttpCommandExecutor.java:136)
	at org.openqa.selenium.remote.service.DriverCommandExecutor.execute(DriverCommandExecutor.java:83)
	at org.openqa.selenium.remote.RemoteWebDriver.execute(RemoteWebDriver.java:552)
	at org.openqa.selenium.remote.RemoteWebDriver.startSession(RemoteWebDriver.java:213)
	at org.openqa.selenium.remote.RemoteWebDriver.&lt;init&gt;(RemoteWebDriver.java:131)
	at org.openqa.selenium.chrome.ChromeDriver.&lt;init&gt;(ChromeDriver.java:181)
	at org.openqa.selenium.chrome.ChromeDriver.&lt;init&gt;(ChromeDriver.java:168)
	at org.openqa.selenium.chrome.ChromeDriver.&lt;init&gt;(ChromeDriver.java:123)
	at com.MyTest.BaseTest.setUP(BaseTest.java:27)
	at sun.reflect.NativeMethodAccessorImpl.invoke0(Native Method)
	at sun.reflect.NativeMethodAccessorImpl.invoke(Unknown Source)
	at sun.reflect.DelegatingMethodAccessorImpl.invoke(Unknown Source)
	at java.lang.reflect.Method.invoke(Unknown Source)
	at org.testng.internal.MethodInvocationHelper.invokeMethod(MethodInvocationHelper.java:124)
	at org.testng.internal.MethodInvocationHelper.invokeMethodConsideringTimeout(MethodInvocationHelper.java:59)
	at org.testng.internal.Invoker.invokeConfigurationMethod(Invoker.java:458)
	at org.testng.internal.Invoker.invokeConfigurations(Invoker.java:222)
	at org.testng.internal.Invoker.invokeMethod(Invoker.java:523)
	at org.testng.internal.Invoker.invokeTestMethod(Invoker.java:719)
	at org.testng.internal.Invoker.invokeTestMethods(Invoker.java:989)
	at org.testng.internal.TestMethodWorker.invokeTestMethods(TestMethodWorker.java:125)
	at org.testng.internal.TestMethodWorker.run(TestMethodWorker.java:109)
	at java.util.concurrent.ThreadPoolExecutor.runWorker(Unknown Source)
	at java.util.concurrent.ThreadPoolExecutor$Worker.run(Unknown Source)
	at java.lang.Thread.run(Unknown Source)
</pre></div></td>
<td>0</td>
<td>com.MyTest.LoginTest@14f232c4</td></tr>
</table><p>
</body>
</html>